D:\__E-DRIVE(DOCU)\LEARN\GRADE2-1\REAL-TIME GRAPHICS\GROUPPROJECT\AIRHOCKEY\AIRHOCKEY\DEBUG\MAIN.OBJ
D:\__E-DRIVE(DOCU)\LEARN\GRADE2-1\REAL-TIME GRAPHICS\GROUPPROJECT\AIRHOCKEY\AIRHOCKEY\DEBUG\PUCK.OBJ
D:\__E-DRIVE(DOCU)\LEARN\GRADE2-1\REAL-TIME GRAPHICS\GROUPPROJECT\AIRHOCKEY\AIRHOCKEY\DEBUG\MALLET.OBJ
D:\__E-DRIVE(DOCU)\LEARN\GRADE2-1\REAL-TIME GRAPHICS\GROUPPROJECT\AIRHOCKEY\AIRHOCKEY\DEBUG\VC110.PDB
D:\__E-DRIVE(DOCU)\LEARN\GRADE2-1\REAL-TIME GRAPHICS\GROUPPROJECT\AIRHOCKEY\DEBUG\AIRHOCKEY.ILK
D:\__E-DRIVE(DOCU)\LEARN\GRADE2-1\REAL-TIME GRAPHICS\GROUPPROJECT\AIRHOCKEY\DEBUG\AIRHOCKEY.EXE
D:\__E-DRIVE(DOCU)\LEARN\GRADE2-1\REAL-TIME GRAPHICS\GROUPPROJECT\AIRHOCKEY\DEBUG\AIRHOCKEY.PDB
D:\__e-drive(docu)\learn\grade2-1\real-time graphics\GroupProject\AirHockey\AirHockey\Debug\main.obj
D:\__e-drive(docu)\learn\grade2-1\real-time graphics\GroupProject\AirHockey\AirHockey\Debug\mallet.obj
D:\__e-drive(docu)\learn\grade2-1\real-time graphics\GroupProject\AirHockey\AirHockey\Debug\puck.obj
D:\__e-drive(docu)\learn\grade2-1\real-time graphics\GroupProject\AirHockey\AirHockey\Debug\cl.command.1.tlog
D:\__e-drive(docu)\learn\grade2-1\real-time graphics\GroupProject\AirHockey\AirHockey\Debug\CL.read.1.tlog
D:\__e-drive(docu)\learn\grade2-1\real-time graphics\GroupProject\AirHockey\AirHockey\Debug\CL.write.1.tlog
D:\__e-drive(docu)\learn\grade2-1\real-time graphics\GroupProject\AirHockey\AirHockey\Debug\link-cvtres.read.1.tlog
D:\__e-drive(docu)\learn\grade2-1\real-time graphics\GroupProject\AirHockey\AirHockey\Debug\link-cvtres.write.1.tlog
D:\__e-drive(docu)\learn\grade2-1\real-time graphics\GroupProject\AirHockey\AirHockey\Debug\link-rc.read.1.tlog
D:\__e-drive(docu)\learn\grade2-1\real-time graphics\GroupProject\AirHockey\AirHockey\Debug\link-rc.write.1.tlog
D:\__e-drive(docu)\learn\grade2-1\real-time graphics\GroupProject\AirHockey\AirHockey\Debug\link.1676-cvtres.read.1.tlog
D:\__e-drive(docu)\learn\grade2-1\real-time graphics\GroupProject\AirHockey\AirHockey\Debug\link.1676-cvtres.write.1.tlog
D:\__e-drive(docu)\learn\grade2-1\real-time graphics\GroupProject\AirHockey\AirHockey\Debug\link.1676-rc.read.1.tlog
D:\__e-drive(docu)\learn\grade2-1\real-time graphics\GroupProject\AirHockey\AirHockey\Debug\link.1676-rc.write.1.tlog
D:\__e-drive(docu)\learn\grade2-1\real-time graphics\GroupProject\AirHockey\AirHockey\Debug\link.1676.read.1.tlog
D:\__e-drive(docu)\learn\grade2-1\real-time graphics\GroupProject\AirHockey\AirHockey\Debug\link.1676.write.1.tlog
D:\__e-drive(docu)\learn\grade2-1\real-time graphics\GroupProject\AirHockey\AirHockey\Debug\link.command.1.tlog
D:\__e-drive(docu)\learn\grade2-1\real-time graphics\GroupProject\AirHockey\AirHockey\Debug\link.read.1.tlog
D:\__e-drive(docu)\learn\grade2-1\real-time graphics\GroupProject\AirHockey\AirHockey\Debug\link.write.1.tlog
D:\__e-drive(docu)\learn\grade2-1\real-time graphics\GroupProject\AirHockey\AirHockey\Debug\vc110.idb
D:\__e-drive(docu)\learn\grade2-1\real-time graphics\GroupProject\AirHockey\AirHockey\Debug\vc110.pdb
D:\__e-drive(docu)\learn\grade2-1\real-time graphics\GroupProject\AirHockey\Debug\AirHockey.pdb
D:\__e-drive(docu)\learn\grade2-1\real-time graphics\GroupProject\AirHockey\Debug\AirHockey.exe
D:\__e-drive(docu)\learn\grade2-1\real-time graphics\GroupProject\AirHockey\Debug\AirHockey.ilk
